<?xml version="1.0" encoding="UTF-8"?>
<!-- Generated by org.testng.reporters.JUnitXMLReporter -->
<testsuite hostname="DESKTOP-5I7OKOC" ignored="0" name="test1" tests="28" failures="3" timestamp="2020-08-25T15:42:54 CST" time="199.905" errors="0">
  <testcase name="f" time="21.49" classname="com.testing.testng.dataDriven"/>
  <testcase name="f" time="2.444" classname="com.testing.testng.dataDriven"/>
  <testcase name="f" time="0.907" classname="com.testing.testng.dataDriven"/>
  <testcase name="f" time="0.292" classname="com.testing.testng.dataDriven"/>
  <testcase name="f" time="0.27" classname="com.testing.testng.dataDriven"/>
  <testcase name="f" time="5.777" classname="com.testing.testng.dataDriven"/>
  <testcase name="f" time="1.321" classname="com.testing.testng.dataDriven"/>
  <testcase name="f" time="0.353" classname="com.testing.testng.dataDriven"/>
  <testcase name="f" time="0.276" classname="com.testing.testng.dataDriven"/>
  <testcase name="f" time="2.624" classname="com.testing.testng.dataDriven"/>
  <testcase name="f" time="0.668" classname="com.testing.testng.dataDriven"/>
  <testcase name="f" time="1.006" classname="com.testing.testng.dataDriven"/>
  <testcase name="f" time="0.194" classname="com.testing.testng.dataDriven"/>
  <testcase name="f" time="1.006" classname="com.testing.testng.dataDriven"/>
  <testcase name="f" time="0.15" classname="com.testing.testng.dataDriven"/>
  <testcase name="f" time="0.262" classname="com.testing.testng.dataDriven"/>
  <testcase name="f" time="0.222" classname="com.testing.testng.dataDriven"/>
  <testcase name="f" time="0.387" classname="com.testing.testng.dataDriven"/>
  <testcase name="f" time="0.622" classname="com.testing.testng.dataDriven"/>
  <testcase name="f" time="1.915" classname="com.testing.testng.dataDriven"/>
  <testcase name="f" time="11.23" classname="com.testing.testng.dataDriven"/>
  <testcase name="f" time="76.5" classname="com.testing.testng.dataDriven"/>
  <testcase name="f" time="32.948" classname="com.testing.testng.dataDriven"/>
  <testcase name="f" time="11.267" classname="com.testing.testng.dataDriven">
    <failure type="java.lang.AssertionError" message="expected [pass] but found [fail]">
      <![CDATA[java.lang.AssertionError: expected [pass] but found [fail]
at com.testing.testng.dataDriven.f(dataDriven.java:42)
at java.util.ArrayList.forEach(ArrayList.java:1257)
... Removed 35 stack frames]]>
    </failure>
  </testcase> <!-- f -->
  <testcase name="f" time="1.223" classname="com.testing.testng.dataDriven"/>
  <testcase name="f" time="10.904" classname="com.testing.testng.dataDriven">
    <failure type="java.lang.AssertionError" message="expected [pass] but found [fail]">
      <![CDATA[java.lang.AssertionError: expected [pass] but found [fail]
at com.testing.testng.dataDriven.f(dataDriven.java:42)
at java.util.ArrayList.forEach(ArrayList.java:1257)
... Removed 35 stack frames]]>
    </failure>
  </testcase> <!-- f -->
  <testcase name="f" time="11.224" classname="com.testing.testng.dataDriven">
    <failure type="java.lang.AssertionError" message="expected [pass] but found [fail]">
      <![CDATA[java.lang.AssertionError: expected [pass] but found [fail]
at com.testing.testng.dataDriven.f(dataDriven.java:42)
at java.util.ArrayList.forEach(ArrayList.java:1257)
... Removed 35 stack frames]]>
    </failure>
  </testcase> <!-- f -->
  <testcase name="f" time="1.365" classname="com.testing.testng.dataDriven"/>
</testsuite> <!-- test1 -->
