<?xml version="1.0" encoding="UTF-8"?>
<testsuite xmlns:xsi="http://www.w3.org/2001/XMLSchema-instance" xsi:noNamespaceSchemaLocation="https://maven.apache.org/surefire/maven-surefire-plugin/xsd/surefire-test-report.xsd" name="TestSuite" time="219.168" tests="28" errors="0" skipped="0" failures="3">
  <properties>
[...]
</properties>
  <testcase name="f" classname="com.testing.testng.dataDriven" time="21.511"/>
  <testcase name="f" classname="com.testing.testng.dataDriven" time="2.499"/>
  <testcase name="f" classname="com.testing.testng.dataDriven" time="0.885"/>
  <testcase name="f" classname="com.testing.testng.dataDriven" time="0.286"/>
  <testcase name="f" classname="com.testing.testng.dataDriven" time="0.505"/>
  <testcase name="f" classname="com.testing.testng.dataDriven" time="5.572"/>
  <testcase name="f" classname="com.testing.testng.dataDriven" time="1.327"/>
  <testcase name="f" classname="com.testing.testng.dataDriven" time="0.335"/>
  <testcase name="f" classname="com.testing.testng.dataDriven" time="0.285"/>
  <testcase name="f" classname="com.testing.testng.dataDriven" time="2.674"/>
  <testcase name="f" classname="com.testing.testng.dataDriven" time="0.66"/>
  <testcase name="f" classname="com.testing.testng.dataDriven" time="0.976"/>
  <testcase name="f" classname="com.testing.testng.dataDriven" time="0.21"/>
  <testcase name="f" classname="com.testing.testng.dataDriven" time="1"/>
  <testcase name="f" classname="com.testing.testng.dataDriven" time="0.164"/>
  <testcase name="f" classname="com.testing.testng.dataDriven" time="0.276"/>
  <testcase name="f" classname="com.testing.testng.dataDriven" time="0.227"/>
  <testcase name="f" classname="com.testing.testng.dataDriven" time="0.382"/>
  <testcase name="f" classname="com.testing.testng.dataDriven" time="0.659"/>
  <testcase name="f" classname="com.testing.testng.dataDriven" time="1.885"/>
  <testcase name="f" classname="com.testing.testng.dataDriven" time="11.24"/>
  <testcase name="f" classname="com.testing.testng.dataDriven" time="83.327"/>
  <testcase name="f" classname="com.testing.testng.dataDriven" time="26.128"/>
  <testcase name="f" classname="com.testing.testng.dataDriven" time="14.407">
    <failure message="expected [pass] but found [fail]" type="java.lang.AssertionError">java.lang.AssertionError: expected [pass] but found [fail]
	at com.testing.testng.dataDriven.f(dataDriven.java:42)
</failure>
    <system-out><![CDATA[24搜索商品
15:42:28.457 [main] ERROR com.testing.UI.AutoLogger - org.openqa.selenium.TimeoutException: Expected condition failed: waiting for com.testing.UI.DataDrivenOfWeb$1@6be80629 (tried for 10 second(s) with 500 milliseconds interval)
org.openqa.selenium.TimeoutException: Expected condition failed: waiting for com.testing.UI.DataDrivenOfWeb$1@6be80629 (tried for 10 second(s) with 500 milliseconds interval)
	at com.testing.UI.DataDrivenOfWeb.explicitlyWait(DataDrivenOfWeb.java:185) ~[classes/:?]
	at com.testing.UI.DataDrivenOfWeb.input(DataDrivenOfWeb.java:121) ~[classes/:?]
	at sun.reflect.NativeMethodAccessorImpl.invoke0(Native Method) ~[?:1.8.0_241]
	at sun.reflect.NativeMethodAccessorImpl.invoke(NativeMethodAccessorImpl.java:62) ~[?:1.8.0_241]
	at sun.reflect.DelegatingMethodAccessorImpl.invoke(DelegatingMethodAccessorImpl.java:43) ~[?:1.8.0_241]
	at java.lang.reflect.Method.invoke(Method.java:498) ~[?:1.8.0_241]
	at com.testing.testng.dataDriven.runUIWithInvoke(dataDriven.java:92) ~[test-classes/:?]
	at com.testing.testng.dataDriven.f(dataDriven.java:39) ~[test-classes/:?]
	at sun.reflect.GeneratedMethodAccessor5.invoke(Unknown Source) ~[?:?]
	at sun.reflect.DelegatingMethodAccessorImpl.invoke(DelegatingMethodAccessorImpl.java:43) ~[?:1.8.0_241]
	at java.lang.reflect.Method.invoke(Method.java:498) ~[?:1.8.0_241]
	at org.testng.internal.MethodInvocationHelper.invokeMethod(MethodInvocationHelper.java:134) ~[testng-7.1.0.jar:?]
	at org.testng.internal.TestInvoker.invokeMethod(TestInvoker.java:597) ~[testng-7.1.0.jar:?]
	at org.testng.internal.TestInvoker.invokeTestMethod(TestInvoker.java:173) ~[testng-7.1.0.jar:?]
	at org.testng.internal.MethodRunner.runInSequence(MethodRunner.java:46) ~[testng-7.1.0.jar:?]
	at org.testng.internal.TestInvoker$MethodInvocationAgent.invoke(TestInvoker.java:816) ~[testng-7.1.0.jar:?]
	at org.testng.internal.TestInvoker.invokeTestMethods(TestInvoker.java:146) ~[testng-7.1.0.jar:?]
	at org.testng.internal.TestMethodWorker.invokeTestMethods(TestMethodWorker.java:146) ~[testng-7.1.0.jar:?]
	at org.testng.internal.TestMethodWorker.run(TestMethodWorker.java:128) ~[testng-7.1.0.jar:?]
	at java.util.ArrayList.forEach(ArrayList.java:1257) [?:1.8.0_241]
	at org.testng.TestRunner.privateRun(TestRunner.java:766) [testng-7.1.0.jar:?]
	at org.testng.TestRunner.run(TestRunner.java:587) [testng-7.1.0.jar:?]
	at org.testng.SuiteRunner.runTest(SuiteRunner.java:384) [testng-7.1.0.jar:?]
	at org.testng.SuiteRunner.runSequentially(SuiteRunner.java:378) [testng-7.1.0.jar:?]
	at org.testng.SuiteRunner.privateRun(SuiteRunner.java:337) [testng-7.1.0.jar:?]
	at org.testng.SuiteRunner.run(SuiteRunner.java:286) [testng-7.1.0.jar:?]
	at org.testng.SuiteRunnerWorker.runSuite(SuiteRunnerWorker.java:53) [testng-7.1.0.jar:?]
	at org.testng.SuiteRunnerWorker.run(SuiteRunnerWorker.java:96) [testng-7.1.0.jar:?]
	at org.testng.TestNG.runSuitesSequentially(TestNG.java:1187) [testng-7.1.0.jar:?]
	at org.testng.TestNG.runSuitesLocally(TestNG.java:1109) [testng-7.1.0.jar:?]
	at org.testng.TestNG.runSuites(TestNG.java:1039) [testng-7.1.0.jar:?]
	at org.testng.TestNG.run(TestNG.java:1007) [testng-7.1.0.jar:?]
	at org.apache.maven.surefire.testng.TestNGExecutor.run(TestNGExecutor.java:283) [surefire-testng-2.22.1.jar:2.22.1]
	at org.apache.maven.surefire.testng.TestNGXmlTestSuite.execute(TestNGXmlTestSuite.java:75) [surefire-testng-2.22.1.jar:2.22.1]
	at org.apache.maven.surefire.testng.TestNGProvider.invoke(TestNGProvider.java:120) [surefire-testng-2.22.1.jar:2.22.1]
	at org.apache.maven.surefire.booter.ForkedBooter.invokeProviderInSameClassLoader(ForkedBooter.java:384) [surefire-booter-2.22.1.jar:2.22.1]
	at org.apache.maven.surefire.booter.ForkedBooter.runSuitesInProcess(ForkedBooter.java:345) [surefire-booter-2.22.1.jar:2.22.1]
	at org.apache.maven.surefire.booter.ForkedBooter.execute(ForkedBooter.java:126) [surefire-booter-2.22.1.jar:2.22.1]
	at org.apache.maven.surefire.booter.ForkedBooter.main(ForkedBooter.java:418) [surefire-booter-2.22.1.jar:2.22.1]
Caused by: org.openqa.selenium.NoSuchElementException: no such element: Unable to locate element: {"method":"xpath","selector":"//input[@id='qqqq']"}
  (Session info: chrome=79.0.3945.117)
For documentation on this error, please visit: https://www.seleniumhq.org/exceptions/no_such_element.html
Build info: version: '3.141.59', revision: 'e82be7d358', time: '2018-11-14T08:17:03'
System info: host: 'DESKTOP-5I7OKOC', ip: '192.168.59.1', os.name: 'Windows 10', os.arch: 'amd64', os.version: '10.0', java.version: '1.8.0_241'
Driver info: org.openqa.selenium.chrome.ChromeDriver
Capabilities {acceptInsecureCerts: false, browserName: chrome, browserVersion: 79.0.3945.117, chrome: {chromedriverVersion: 79.0.3945.36 (3582db32b3389..., userDataDir: C:\Users\test\AppData\Local...}, goog:chromeOptions: {debuggerAddress: localhost:52694}, javascriptEnabled: true, networkConnectionEnabled: false, pageLoadStrategy: normal, platform: WINDOWS, platformName: WINDOWS, proxy: Proxy(), setWindowRect: true, strictFileInteractability: false, timeouts: {implicit: 0, pageLoad: 300000, script: 30000}, unhandledPromptBehavior: dismiss and notify}
Session ID: ad2b72c2ee6c53867edbb76f933a3dad
*** Element info: {Using=xpath, value=//input[@id='qqqq']}
	at sun.reflect.GeneratedConstructorAccessor31.newInstance(Unknown Source) ~[?:?]
	at sun.reflect.DelegatingConstructorAccessorImpl.newInstance(DelegatingConstructorAccessorImpl.java:45) ~[?:1.8.0_241]
	at java.lang.reflect.Constructor.newInstance(Constructor.java:423) ~[?:1.8.0_241]
	at org.openqa.selenium.remote.http.W3CHttpResponseCodec.createException(W3CHttpResponseCodec.java:187) ~[selenium-remote-driver-3.141.59.jar:?]
	at org.openqa.selenium.remote.http.W3CHttpResponseCodec.decode(W3CHttpResponseCodec.java:122) ~[selenium-remote-driver-3.141.59.jar:?]
	at org.openqa.selenium.remote.http.W3CHttpResponseCodec.decode(W3CHttpResponseCodec.java:49) ~[selenium-remote-driver-3.141.59.jar:?]
	at org.openqa.selenium.remote.HttpCommandExecutor.execute(HttpCommandExecutor.java:158) ~[selenium-remote-driver-3.141.59.jar:?]
	at org.openqa.selenium.remote.service.DriverCommandExecutor.execute(DriverCommandExecutor.java:83) ~[selenium-remote-driver-3.141.59.jar:?]
	at org.openqa.selenium.remote.RemoteWebDriver.execute(RemoteWebDriver.java:552) ~[selenium-remote-driver-3.141.59.jar:?]
	at org.openqa.selenium.remote.RemoteWebDriver.findElement(RemoteWebDriver.java:323) ~[selenium-remote-driver-3.141.59.jar:?]
	at org.openqa.selenium.remote.RemoteWebDriver.findElementByXPath(RemoteWebDriver.java:428) ~[selenium-remote-driver-3.141.59.jar:?]
	at org.openqa.selenium.By$ByXPath.findElement(By.java:353) ~[selenium-api-3.141.59.jar:?]
	at org.openqa.selenium.remote.RemoteWebDriver.findElement(RemoteWebDriver.java:315) ~[selenium-remote-driver-3.141.59.jar:?]
	at com.testing.UI.DataDrivenOfWeb$1.apply(DataDrivenOfWeb.java:181) ~[classes/:?]
	at com.testing.UI.DataDrivenOfWeb$1.apply(DataDrivenOfWeb.java:179) ~[classes/:?]
	at org.openqa.selenium.support.ui.FluentWait.until(FluentWait.java:249) ~[selenium-support-3.141.59.jar:?]
	at com.testing.UI.DataDrivenOfWeb.explicitlyWait(DataDrivenOfWeb.java:179) ~[classes/:?]
	... 38 more
15:42:28.491 [main] ERROR com.testing.UI.AutoLogger - org.openqa.selenium.NoSuchElementException: no such element: Unable to locate element: {"method":"xpath","selector":"//input[@id='qqqq']"}
  (Session info: chrome=79.0.3945.117)
For documentation on this error, please visit: https://www.seleniumhq.org/exceptions/no_such_element.html
Build info: version: '3.141.59', revision: 'e82be7d358', time: '2018-11-14T08:17:03'
System info: host: 'DESKTOP-5I7OKOC', ip: '192.168.59.1', os.name: 'Windows 10', os.arch: 'amd64', os.version: '10.0', java.version: '1.8.0_241'
Driver info: org.openqa.selenium.chrome.ChromeDriver
Capabilities {acceptInsecureCerts: false, browserName: chrome, browserVersion: 79.0.3945.117, chrome: {chromedriverVersion: 79.0.3945.36 (3582db32b3389..., userDataDir: C:\Users\test\AppData\Local...}, goog:chromeOptions: {debuggerAddress: localhost:52694}, javascriptEnabled: true, networkConnectionEnabled: false, pageLoadStrategy: normal, platform: WINDOWS, platformName: WINDOWS, proxy: Proxy(), setWindowRect: true, strictFileInteractability: false, timeouts: {implicit: 0, pageLoad: 300000, script: 30000}, unhandledPromptBehavior: dismiss and notify}
Session ID: ad2b72c2ee6c53867edbb76f933a3dad
*** Element info: {Using=xpath, value=//input[@id='qqqq']}
org.openqa.selenium.NoSuchElementException: no such element: Unable to locate element: {"method":"xpath","selector":"//input[@id='qqqq']"}
  (Session info: chrome=79.0.3945.117)
For documentation on this error, please visit: https://www.seleniumhq.org/exceptions/no_such_element.html
Build info: version: '3.141.59', revision: 'e82be7d358', time: '2018-11-14T08:17:03'
System info: host: 'DESKTOP-5I7OKOC', ip: '192.168.59.1', os.name: 'Windows 10', os.arch: 'amd64', os.version: '10.0', java.version: '1.8.0_241'
Driver info: org.openqa.selenium.chrome.ChromeDriver
Capabilities {acceptInsecureCerts: false, browserName: chrome, browserVersion: 79.0.3945.117, chrome: {chromedriverVersion: 79.0.3945.36 (3582db32b3389..., userDataDir: C:\Users\test\AppData\Local...}, goog:chromeOptions: {debuggerAddress: localhost:52694}, javascriptEnabled: true, networkConnectionEnabled: false, pageLoadStrategy: normal, platform: WINDOWS, platformName: WINDOWS, proxy: Proxy(), setWindowRect: true, strictFileInteractability: false, timeouts: {implicit: 0, pageLoad: 300000, script: 30000}, unhandledPromptBehavior: dismiss and notify}
Session ID: ad2b72c2ee6c53867edbb76f933a3dad
*** Element info: {Using=xpath, value=//input[@id='qqqq']}
	at com.testing.UI.DataDrivenOfWeb.input(DataDrivenOfWeb.java:128) ~[classes/:?]
	at sun.reflect.NativeMethodAccessorImpl.invoke0(Native Method) ~[?:1.8.0_241]
	at sun.reflect.NativeMethodAccessorImpl.invoke(NativeMethodAccessorImpl.java:62) ~[?:1.8.0_241]
	at sun.reflect.DelegatingMethodAccessorImpl.invoke(DelegatingMethodAccessorImpl.java:43) ~[?:1.8.0_241]
	at java.lang.reflect.Method.invoke(Method.java:498) ~[?:1.8.0_241]
	at com.testing.testng.dataDriven.runUIWithInvoke(dataDriven.java:92) ~[test-classes/:?]
	at com.testing.testng.dataDriven.f(dataDriven.java:39) ~[test-classes/:?]
	at sun.reflect.GeneratedMethodAccessor5.invoke(Unknown Source) ~[?:?]
	at sun.reflect.DelegatingMethodAccessorImpl.invoke(DelegatingMethodAccessorImpl.java:43) ~[?:1.8.0_241]
	at java.lang.reflect.Method.invoke(Method.java:498) ~[?:1.8.0_241]
	at org.testng.internal.MethodInvocationHelper.invokeMethod(MethodInvocationHelper.java:134) ~[testng-7.1.0.jar:?]
	at org.testng.internal.TestInvoker.invokeMethod(TestInvoker.java:597) ~[testng-7.1.0.jar:?]
	at org.testng.internal.TestInvoker.invokeTestMethod(TestInvoker.java:173) ~[testng-7.1.0.jar:?]
	at org.testng.internal.MethodRunner.runInSequence(MethodRunner.java:46) ~[testng-7.1.0.jar:?]
	at org.testng.internal.TestInvoker$MethodInvocationAgent.invoke(TestInvoker.java:816) ~[testng-7.1.0.jar:?]
	at org.testng.internal.TestInvoker.invokeTestMethods(TestInvoker.java:146) ~[testng-7.1.0.jar:?]
	at org.testng.internal.TestMethodWorker.invokeTestMethods(TestMethodWorker.java:146) ~[testng-7.1.0.jar:?]
	at org.testng.internal.TestMethodWorker.run(TestMethodWorker.java:128) ~[testng-7.1.0.jar:?]
	at java.util.ArrayList.forEach(ArrayList.java:1257) [?:1.8.0_241]
	at org.testng.TestRunner.privateRun(TestRunner.java:766) [testng-7.1.0.jar:?]
	at org.testng.TestRunner.run(TestRunner.java:587) [testng-7.1.0.jar:?]
	at org.testng.SuiteRunner.runTest(SuiteRunner.java:384) [testng-7.1.0.jar:?]
	at org.testng.SuiteRunner.runSequentially(SuiteRunner.java:378) [testng-7.1.0.jar:?]
	at org.testng.SuiteRunner.privateRun(SuiteRunner.java:337) [testng-7.1.0.jar:?]
	at org.testng.SuiteRunner.run(SuiteRunner.java:286) [testng-7.1.0.jar:?]
	at org.testng.SuiteRunnerWorker.runSuite(SuiteRunnerWorker.java:53) [testng-7.1.0.jar:?]
	at org.testng.SuiteRunnerWorker.run(SuiteRunnerWorker.java:96) [testng-7.1.0.jar:?]
	at org.testng.TestNG.runSuitesSequentially(TestNG.java:1187) [testng-7.1.0.jar:?]
	at org.testng.TestNG.runSuitesLocally(TestNG.java:1109) [testng-7.1.0.jar:?]
	at org.testng.TestNG.runSuites(TestNG.java:1039) [testng-7.1.0.jar:?]
	at org.testng.TestNG.run(TestNG.java:1007) [testng-7.1.0.jar:?]
	at org.apache.maven.surefire.testng.TestNGExecutor.run(TestNGExecutor.java:283) [surefire-testng-2.22.1.jar:2.22.1]
	at org.apache.maven.surefire.testng.TestNGXmlTestSuite.execute(TestNGXmlTestSuite.java:75) [surefire-testng-2.22.1.jar:2.22.1]
	at org.apache.maven.surefire.testng.TestNGProvider.invoke(TestNGProvider.java:120) [surefire-testng-2.22.1.jar:2.22.1]
	at org.apache.maven.surefire.booter.ForkedBooter.invokeProviderInSameClassLoader(ForkedBooter.java:384) [surefire-booter-2.22.1.jar:2.22.1]
	at org.apache.maven.surefire.booter.ForkedBooter.runSuitesInProcess(ForkedBooter.java:345) [surefire-booter-2.22.1.jar:2.22.1]
	at org.apache.maven.surefire.booter.ForkedBooter.execute(ForkedBooter.java:126) [surefire-booter-2.22.1.jar:2.22.1]
	at org.apache.maven.surefire.booter.ForkedBooter.main(ForkedBooter.java:418) [surefire-booter-2.22.1.jar:2.22.1]
fail
]]></system-out>
  </testcase>
  <testcase name="f" classname="com.testing.testng.dataDriven" time="0.003"/>
  <testcase name="f" classname="com.testing.testng.dataDriven" time="11.424">
    <failure message="expected [pass] but found [fail]" type="java.lang.AssertionError">java.lang.AssertionError: expected [pass] but found [fail]
	at com.testing.testng.dataDriven.f(dataDriven.java:42)
</failure>
    <system-out><![CDATA[26选择第一个商品
15:42:40.851 [main] ERROR com.testing.UI.AutoLogger - org.openqa.selenium.TimeoutException: Expected condition failed: waiting for com.testing.UI.DataDrivenOfWeb$1@687fd6e (tried for 10 second(s) with 500 milliseconds interval)
org.openqa.selenium.TimeoutException: Expected condition failed: waiting for com.testing.UI.DataDrivenOfWeb$1@687fd6e (tried for 10 second(s) with 500 milliseconds interval)
	at com.testing.UI.DataDrivenOfWeb.explicitlyWait(DataDrivenOfWeb.java:185) ~[classes/:?]
	at com.testing.UI.DataDrivenOfWeb.click(DataDrivenOfWeb.java:137) ~[classes/:?]
	at sun.reflect.NativeMethodAccessorImpl.invoke0(Native Method) ~[?:1.8.0_241]
	at sun.reflect.NativeMethodAccessorImpl.invoke(NativeMethodAccessorImpl.java:62) ~[?:1.8.0_241]
	at sun.reflect.DelegatingMethodAccessorImpl.invoke(DelegatingMethodAccessorImpl.java:43) ~[?:1.8.0_241]
	at java.lang.reflect.Method.invoke(Method.java:498) ~[?:1.8.0_241]
	at com.testing.testng.dataDriven.runUIWithInvoke(dataDriven.java:85) ~[test-classes/:?]
	at com.testing.testng.dataDriven.f(dataDriven.java:39) ~[test-classes/:?]
	at sun.reflect.GeneratedMethodAccessor5.invoke(Unknown Source) ~[?:?]
	at sun.reflect.DelegatingMethodAccessorImpl.invoke(DelegatingMethodAccessorImpl.java:43) ~[?:1.8.0_241]
	at java.lang.reflect.Method.invoke(Method.java:498) ~[?:1.8.0_241]
	at org.testng.internal.MethodInvocationHelper.invokeMethod(MethodInvocationHelper.java:134) ~[testng-7.1.0.jar:?]
	at org.testng.internal.TestInvoker.invokeMethod(TestInvoker.java:597) ~[testng-7.1.0.jar:?]
	at org.testng.internal.TestInvoker.invokeTestMethod(TestInvoker.java:173) ~[testng-7.1.0.jar:?]
	at org.testng.internal.MethodRunner.runInSequence(MethodRunner.java:46) ~[testng-7.1.0.jar:?]
	at org.testng.internal.TestInvoker$MethodInvocationAgent.invoke(TestInvoker.java:816) ~[testng-7.1.0.jar:?]
	at org.testng.internal.TestInvoker.invokeTestMethods(TestInvoker.java:146) ~[testng-7.1.0.jar:?]
	at org.testng.internal.TestMethodWorker.invokeTestMethods(TestMethodWorker.java:146) ~[testng-7.1.0.jar:?]
	at org.testng.internal.TestMethodWorker.run(TestMethodWorker.java:128) ~[testng-7.1.0.jar:?]
	at java.util.ArrayList.forEach(ArrayList.java:1257) [?:1.8.0_241]
	at org.testng.TestRunner.privateRun(TestRunner.java:766) [testng-7.1.0.jar:?]
	at org.testng.TestRunner.run(TestRunner.java:587) [testng-7.1.0.jar:?]
	at org.testng.SuiteRunner.runTest(SuiteRunner.java:384) [testng-7.1.0.jar:?]
	at org.testng.SuiteRunner.runSequentially(SuiteRunner.java:378) [testng-7.1.0.jar:?]
	at org.testng.SuiteRunner.privateRun(SuiteRunner.java:337) [testng-7.1.0.jar:?]
	at org.testng.SuiteRunner.run(SuiteRunner.java:286) [testng-7.1.0.jar:?]
	at org.testng.SuiteRunnerWorker.runSuite(SuiteRunnerWorker.java:53) [testng-7.1.0.jar:?]
	at org.testng.SuiteRunnerWorker.run(SuiteRunnerWorker.java:96) [testng-7.1.0.jar:?]
	at org.testng.TestNG.runSuitesSequentially(TestNG.java:1187) [testng-7.1.0.jar:?]
	at org.testng.TestNG.runSuitesLocally(TestNG.java:1109) [testng-7.1.0.jar:?]
	at org.testng.TestNG.runSuites(TestNG.java:1039) [testng-7.1.0.jar:?]
	at org.testng.TestNG.run(TestNG.java:1007) [testng-7.1.0.jar:?]
	at org.apache.maven.surefire.testng.TestNGExecutor.run(TestNGExecutor.java:283) [surefire-testng-2.22.1.jar:2.22.1]
	at org.apache.maven.surefire.testng.TestNGXmlTestSuite.execute(TestNGXmlTestSuite.java:75) [surefire-testng-2.22.1.jar:2.22.1]
	at org.apache.maven.surefire.testng.TestNGProvider.invoke(TestNGProvider.java:120) [surefire-testng-2.22.1.jar:2.22.1]
	at org.apache.maven.surefire.booter.ForkedBooter.invokeProviderInSameClassLoader(ForkedBooter.java:384) [surefire-booter-2.22.1.jar:2.22.1]
	at org.apache.maven.surefire.booter.ForkedBooter.runSuitesInProcess(ForkedBooter.java:345) [surefire-booter-2.22.1.jar:2.22.1]
	at org.apache.maven.surefire.booter.ForkedBooter.execute(ForkedBooter.java:126) [surefire-booter-2.22.1.jar:2.22.1]
	at org.apache.maven.surefire.booter.ForkedBooter.main(ForkedBooter.java:418) [surefire-booter-2.22.1.jar:2.22.1]
Caused by: org.openqa.selenium.NoSuchElementException: no such element: Unable to locate element: {"method":"xpath","selector":"//div[@class='shop-list-splb p']/ul/li[1]/div/div[1]/a"}
  (Session info: chrome=79.0.3945.117)
For documentation on this error, please visit: https://www.seleniumhq.org/exceptions/no_such_element.html
Build info: version: '3.141.59', revision: 'e82be7d358', time: '2018-11-14T08:17:03'
System info: host: 'DESKTOP-5I7OKOC', ip: '192.168.59.1', os.name: 'Windows 10', os.arch: 'amd64', os.version: '10.0', java.version: '1.8.0_241'
Driver info: org.openqa.selenium.chrome.ChromeDriver
Capabilities {acceptInsecureCerts: false, browserName: chrome, browserVersion: 79.0.3945.117, chrome: {chromedriverVersion: 79.0.3945.36 (3582db32b3389..., userDataDir: C:\Users\test\AppData\Local...}, goog:chromeOptions: {debuggerAddress: localhost:52694}, javascriptEnabled: true, networkConnectionEnabled: false, pageLoadStrategy: normal, platform: WINDOWS, platformName: WINDOWS, proxy: Proxy(), setWindowRect: true, strictFileInteractability: false, timeouts: {implicit: 0, pageLoad: 300000, script: 30000}, unhandledPromptBehavior: dismiss and notify}
Session ID: ad2b72c2ee6c53867edbb76f933a3dad
*** Element info: {Using=xpath, value=//div[@class='shop-list-splb p']/ul/li[1]/div/div[1]/a}
	at sun.reflect.GeneratedConstructorAccessor31.newInstance(Unknown Source) ~[?:?]
	at sun.reflect.DelegatingConstructorAccessorImpl.newInstance(DelegatingConstructorAccessorImpl.java:45) ~[?:1.8.0_241]
	at java.lang.reflect.Constructor.newInstance(Constructor.java:423) ~[?:1.8.0_241]
	at org.openqa.selenium.remote.http.W3CHttpResponseCodec.createException(W3CHttpResponseCodec.java:187) ~[selenium-remote-driver-3.141.59.jar:?]
	at org.openqa.selenium.remote.http.W3CHttpResponseCodec.decode(W3CHttpResponseCodec.java:122) ~[selenium-remote-driver-3.141.59.jar:?]
	at org.openqa.selenium.remote.http.W3CHttpResponseCodec.decode(W3CHttpResponseCodec.java:49) ~[selenium-remote-driver-3.141.59.jar:?]
	at org.openqa.selenium.remote.HttpCommandExecutor.execute(HttpCommandExecutor.java:158) ~[selenium-remote-driver-3.141.59.jar:?]
	at org.openqa.selenium.remote.service.DriverCommandExecutor.execute(DriverCommandExecutor.java:83) ~[selenium-remote-driver-3.141.59.jar:?]
	at org.openqa.selenium.remote.RemoteWebDriver.execute(RemoteWebDriver.java:552) ~[selenium-remote-driver-3.141.59.jar:?]
	at org.openqa.selenium.remote.RemoteWebDriver.findElement(RemoteWebDriver.java:323) ~[selenium-remote-driver-3.141.59.jar:?]
	at org.openqa.selenium.remote.RemoteWebDriver.findElementByXPath(RemoteWebDriver.java:428) ~[selenium-remote-driver-3.141.59.jar:?]
	at org.openqa.selenium.By$ByXPath.findElement(By.java:353) ~[selenium-api-3.141.59.jar:?]
	at org.openqa.selenium.remote.RemoteWebDriver.findElement(RemoteWebDriver.java:315) ~[selenium-remote-driver-3.141.59.jar:?]
	at com.testing.UI.DataDrivenOfWeb$1.apply(DataDrivenOfWeb.java:181) ~[classes/:?]
	at com.testing.UI.DataDrivenOfWeb$1.apply(DataDrivenOfWeb.java:179) ~[classes/:?]
	at org.openqa.selenium.support.ui.FluentWait.until(FluentWait.java:249) ~[selenium-support-3.141.59.jar:?]
	at com.testing.UI.DataDrivenOfWeb.explicitlyWait(DataDrivenOfWeb.java:179) ~[classes/:?]
	... 38 more
15:42:40.881 [main] ERROR com.testing.UI.AutoLogger - org.openqa.selenium.NoSuchElementException: no such element: Unable to locate element: {"method":"xpath","selector":"//div[@class='shop-list-splb p']/ul/li[1]/div/div[1]/a"}
  (Session info: chrome=79.0.3945.117)
For documentation on this error, please visit: https://www.seleniumhq.org/exceptions/no_such_element.html
Build info: version: '3.141.59', revision: 'e82be7d358', time: '2018-11-14T08:17:03'
System info: host: 'DESKTOP-5I7OKOC', ip: '192.168.59.1', os.name: 'Windows 10', os.arch: 'amd64', os.version: '10.0', java.version: '1.8.0_241'
Driver info: org.openqa.selenium.chrome.ChromeDriver
Capabilities {acceptInsecureCerts: false, browserName: chrome, browserVersion: 79.0.3945.117, chrome: {chromedriverVersion: 79.0.3945.36 (3582db32b3389..., userDataDir: C:\Users\test\AppData\Local...}, goog:chromeOptions: {debuggerAddress: localhost:52694}, javascriptEnabled: true, networkConnectionEnabled: false, pageLoadStrategy: normal, platform: WINDOWS, platformName: WINDOWS, proxy: Proxy(), setWindowRect: true, strictFileInteractability: false, timeouts: {implicit: 0, pageLoad: 300000, script: 30000}, unhandledPromptBehavior: dismiss and notify}
Session ID: ad2b72c2ee6c53867edbb76f933a3dad
*** Element info: {Using=xpath, value=//div[@class='shop-list-splb p']/ul/li[1]/div/div[1]/a}
org.openqa.selenium.NoSuchElementException: no such element: Unable to locate element: {"method":"xpath","selector":"//div[@class='shop-list-splb p']/ul/li[1]/div/div[1]/a"}
  (Session info: chrome=79.0.3945.117)
For documentation on this error, please visit: https://www.seleniumhq.org/exceptions/no_such_element.html
Build info: version: '3.141.59', revision: 'e82be7d358', time: '2018-11-14T08:17:03'
System info: host: 'DESKTOP-5I7OKOC', ip: '192.168.59.1', os.name: 'Windows 10', os.arch: 'amd64', os.version: '10.0', java.version: '1.8.0_241'
Driver info: org.openqa.selenium.chrome.ChromeDriver
Capabilities {acceptInsecureCerts: false, browserName: chrome, browserVersion: 79.0.3945.117, chrome: {chromedriverVersion: 79.0.3945.36 (3582db32b3389..., userDataDir: C:\Users\test\AppData\Local...}, goog:chromeOptions: {debuggerAddress: localhost:52694}, javascriptEnabled: true, networkConnectionEnabled: false, pageLoadStrategy: normal, platform: WINDOWS, platformName: WINDOWS, proxy: Proxy(), setWindowRect: true, strictFileInteractability: false, timeouts: {implicit: 0, pageLoad: 300000, script: 30000}, unhandledPromptBehavior: dismiss and notify}
Session ID: ad2b72c2ee6c53867edbb76f933a3dad
*** Element info: {Using=xpath, value=//div[@class='shop-list-splb p']/ul/li[1]/div/div[1]/a}
	at com.testing.UI.DataDrivenOfWeb.click(DataDrivenOfWeb.java:143) ~[classes/:?]
	at sun.reflect.NativeMethodAccessorImpl.invoke0(Native Method) ~[?:1.8.0_241]
	at sun.reflect.NativeMethodAccessorImpl.invoke(NativeMethodAccessorImpl.java:62) ~[?:1.8.0_241]
	at sun.reflect.DelegatingMethodAccessorImpl.invoke(DelegatingMethodAccessorImpl.java:43) ~[?:1.8.0_241]
	at java.lang.reflect.Method.invoke(Method.java:498) ~[?:1.8.0_241]
	at com.testing.testng.dataDriven.runUIWithInvoke(dataDriven.java:85) ~[test-classes/:?]
	at com.testing.testng.dataDriven.f(dataDriven.java:39) ~[test-classes/:?]
	at sun.reflect.GeneratedMethodAccessor5.invoke(Unknown Source) ~[?:?]
	at sun.reflect.DelegatingMethodAccessorImpl.invoke(DelegatingMethodAccessorImpl.java:43) ~[?:1.8.0_241]
	at java.lang.reflect.Method.invoke(Method.java:498) ~[?:1.8.0_241]
	at org.testng.internal.MethodInvocationHelper.invokeMethod(MethodInvocationHelper.java:134) ~[testng-7.1.0.jar:?]
	at org.testng.internal.TestInvoker.invokeMethod(TestInvoker.java:597) ~[testng-7.1.0.jar:?]
	at org.testng.internal.TestInvoker.invokeTestMethod(TestInvoker.java:173) ~[testng-7.1.0.jar:?]
	at org.testng.internal.MethodRunner.runInSequence(MethodRunner.java:46) ~[testng-7.1.0.jar:?]
	at org.testng.internal.TestInvoker$MethodInvocationAgent.invoke(TestInvoker.java:816) ~[testng-7.1.0.jar:?]
	at org.testng.internal.TestInvoker.invokeTestMethods(TestInvoker.java:146) ~[testng-7.1.0.jar:?]
	at org.testng.internal.TestMethodWorker.invokeTestMethods(TestMethodWorker.java:146) ~[testng-7.1.0.jar:?]
	at org.testng.internal.TestMethodWorker.run(TestMethodWorker.java:128) ~[testng-7.1.0.jar:?]
	at java.util.ArrayList.forEach(ArrayList.java:1257) [?:1.8.0_241]
	at org.testng.TestRunner.privateRun(TestRunner.java:766) [testng-7.1.0.jar:?]
	at org.testng.TestRunner.run(TestRunner.java:587) [testng-7.1.0.jar:?]
	at org.testng.SuiteRunner.runTest(SuiteRunner.java:384) [testng-7.1.0.jar:?]
	at org.testng.SuiteRunner.runSequentially(SuiteRunner.java:378) [testng-7.1.0.jar:?]
	at org.testng.SuiteRunner.privateRun(SuiteRunner.java:337) [testng-7.1.0.jar:?]
	at org.testng.SuiteRunner.run(SuiteRunner.java:286) [testng-7.1.0.jar:?]
	at org.testng.SuiteRunnerWorker.runSuite(SuiteRunnerWorker.java:53) [testng-7.1.0.jar:?]
	at org.testng.SuiteRunnerWorker.run(SuiteRunnerWorker.java:96) [testng-7.1.0.jar:?]
	at org.testng.TestNG.runSuitesSequentially(TestNG.java:1187) [testng-7.1.0.jar:?]
	at org.testng.TestNG.runSuitesLocally(TestNG.java:1109) [testng-7.1.0.jar:?]
	at org.testng.TestNG.runSuites(TestNG.java:1039) [testng-7.1.0.jar:?]
	at org.testng.TestNG.run(TestNG.java:1007) [testng-7.1.0.jar:?]
	at org.apache.maven.surefire.testng.TestNGExecutor.run(TestNGExecutor.java:283) [surefire-testng-2.22.1.jar:2.22.1]
	at org.apache.maven.surefire.testng.TestNGXmlTestSuite.execute(TestNGXmlTestSuite.java:75) [surefire-testng-2.22.1.jar:2.22.1]
	at org.apache.maven.surefire.testng.TestNGProvider.invoke(TestNGProvider.java:120) [surefire-testng-2.22.1.jar:2.22.1]
	at org.apache.maven.surefire.booter.ForkedBooter.invokeProviderInSameClassLoader(ForkedBooter.java:384) [surefire-booter-2.22.1.jar:2.22.1]
	at org.apache.maven.surefire.booter.ForkedBooter.runSuitesInProcess(ForkedBooter.java:345) [surefire-booter-2.22.1.jar:2.22.1]
	at org.apache.maven.surefire.booter.ForkedBooter.execute(ForkedBooter.java:126) [surefire-booter-2.22.1.jar:2.22.1]
	at org.apache.maven.surefire.booter.ForkedBooter.main(ForkedBooter.java:418) [surefire-booter-2.22.1.jar:2.22.1]
fail
]]></system-out>
  </testcase>
  <testcase name="f" classname="com.testing.testng.dataDriven" time="13.269">
    <failure message="expected [pass] but found [fail]" type="java.lang.AssertionError">java.lang.AssertionError: expected [pass] but found [fail]
	at com.testing.testng.dataDriven.f(dataDriven.java:42)
</failure>
    <system-out><![CDATA[27添加购物车
15:42:51.871 [main] ERROR com.testing.UI.AutoLogger - org.openqa.selenium.TimeoutException: Expected condition failed: waiting for com.testing.UI.DataDrivenOfWeb$1@8e8ceb3 (tried for 10 second(s) with 500 milliseconds interval)
org.openqa.selenium.TimeoutException: Expected condition failed: waiting for com.testing.UI.DataDrivenOfWeb$1@8e8ceb3 (tried for 10 second(s) with 500 milliseconds interval)
	at com.testing.UI.DataDrivenOfWeb.explicitlyWait(DataDrivenOfWeb.java:185) ~[classes/:?]
	at com.testing.UI.DataDrivenOfWeb.click(DataDrivenOfWeb.java:137) ~[classes/:?]
	at sun.reflect.NativeMethodAccessorImpl.invoke0(Native Method) ~[?:1.8.0_241]
	at sun.reflect.NativeMethodAccessorImpl.invoke(NativeMethodAccessorImpl.java:62) ~[?:1.8.0_241]
	at sun.reflect.DelegatingMethodAccessorImpl.invoke(DelegatingMethodAccessorImpl.java:43) ~[?:1.8.0_241]
	at java.lang.reflect.Method.invoke(Method.java:498) ~[?:1.8.0_241]
	at com.testing.testng.dataDriven.runUIWithInvoke(dataDriven.java:85) ~[test-classes/:?]
	at com.testing.testng.dataDriven.f(dataDriven.java:39) ~[test-classes/:?]
	at sun.reflect.GeneratedMethodAccessor5.invoke(Unknown Source) ~[?:?]
	at sun.reflect.DelegatingMethodAccessorImpl.invoke(DelegatingMethodAccessorImpl.java:43) ~[?:1.8.0_241]
	at java.lang.reflect.Method.invoke(Method.java:498) ~[?:1.8.0_241]
	at org.testng.internal.MethodInvocationHelper.invokeMethod(MethodInvocationHelper.java:134) ~[testng-7.1.0.jar:?]
	at org.testng.internal.TestInvoker.invokeMethod(TestInvoker.java:597) ~[testng-7.1.0.jar:?]
	at org.testng.internal.TestInvoker.invokeTestMethod(TestInvoker.java:173) ~[testng-7.1.0.jar:?]
	at org.testng.internal.MethodRunner.runInSequence(MethodRunner.java:46) ~[testng-7.1.0.jar:?]
	at org.testng.internal.TestInvoker$MethodInvocationAgent.invoke(TestInvoker.java:816) ~[testng-7.1.0.jar:?]
	at org.testng.internal.TestInvoker.invokeTestMethods(TestInvoker.java:146) ~[testng-7.1.0.jar:?]
	at org.testng.internal.TestMethodWorker.invokeTestMethods(TestMethodWorker.java:146) ~[testng-7.1.0.jar:?]
	at org.testng.internal.TestMethodWorker.run(TestMethodWorker.java:128) ~[testng-7.1.0.jar:?]
	at java.util.ArrayList.forEach(ArrayList.java:1257) [?:1.8.0_241]
	at org.testng.TestRunner.privateRun(TestRunner.java:766) [testng-7.1.0.jar:?]
	at org.testng.TestRunner.run(TestRunner.java:587) [testng-7.1.0.jar:?]
	at org.testng.SuiteRunner.runTest(SuiteRunner.java:384) [testng-7.1.0.jar:?]
	at org.testng.SuiteRunner.runSequentially(SuiteRunner.java:378) [testng-7.1.0.jar:?]
	at org.testng.SuiteRunner.privateRun(SuiteRunner.java:337) [testng-7.1.0.jar:?]
	at org.testng.SuiteRunner.run(SuiteRunner.java:286) [testng-7.1.0.jar:?]
	at org.testng.SuiteRunnerWorker.runSuite(SuiteRunnerWorker.java:53) [testng-7.1.0.jar:?]
	at org.testng.SuiteRunnerWorker.run(SuiteRunnerWorker.java:96) [testng-7.1.0.jar:?]
	at org.testng.TestNG.runSuitesSequentially(TestNG.java:1187) [testng-7.1.0.jar:?]
	at org.testng.TestNG.runSuitesLocally(TestNG.java:1109) [testng-7.1.0.jar:?]
	at org.testng.TestNG.runSuites(TestNG.java:1039) [testng-7.1.0.jar:?]
	at org.testng.TestNG.run(TestNG.java:1007) [testng-7.1.0.jar:?]
	at org.apache.maven.surefire.testng.TestNGExecutor.run(TestNGExecutor.java:283) [surefire-testng-2.22.1.jar:2.22.1]
	at org.apache.maven.surefire.testng.TestNGXmlTestSuite.execute(TestNGXmlTestSuite.java:75) [surefire-testng-2.22.1.jar:2.22.1]
	at org.apache.maven.surefire.testng.TestNGProvider.invoke(TestNGProvider.java:120) [surefire-testng-2.22.1.jar:2.22.1]
	at org.apache.maven.surefire.booter.ForkedBooter.invokeProviderInSameClassLoader(ForkedBooter.java:384) [surefire-booter-2.22.1.jar:2.22.1]
	at org.apache.maven.surefire.booter.ForkedBooter.runSuitesInProcess(ForkedBooter.java:345) [surefire-booter-2.22.1.jar:2.22.1]
	at org.apache.maven.surefire.booter.ForkedBooter.execute(ForkedBooter.java:126) [surefire-booter-2.22.1.jar:2.22.1]
	at org.apache.maven.surefire.booter.ForkedBooter.main(ForkedBooter.java:418) [surefire-booter-2.22.1.jar:2.22.1]
Caused by: org.openqa.selenium.NoSuchElementException: no such element: Unable to locate element: {"method":"xpath","selector":"//*[@id='join_cart']"}
  (Session info: chrome=79.0.3945.117)
For documentation on this error, please visit: https://www.seleniumhq.org/exceptions/no_such_element.html
Build info: version: '3.141.59', revision: 'e82be7d358', time: '2018-11-14T08:17:03'
System info: host: 'DESKTOP-5I7OKOC', ip: '192.168.59.1', os.name: 'Windows 10', os.arch: 'amd64', os.version: '10.0', java.version: '1.8.0_241'
Driver info: org.openqa.selenium.chrome.ChromeDriver
Capabilities {acceptInsecureCerts: false, browserName: chrome, browserVersion: 79.0.3945.117, chrome: {chromedriverVersion: 79.0.3945.36 (3582db32b3389..., userDataDir: C:\Users\test\AppData\Local...}, goog:chromeOptions: {debuggerAddress: localhost:52694}, javascriptEnabled: true, networkConnectionEnabled: false, pageLoadStrategy: normal, platform: WINDOWS, platformName: WINDOWS, proxy: Proxy(), setWindowRect: true, strictFileInteractability: false, timeouts: {implicit: 0, pageLoad: 300000, script: 30000}, unhandledPromptBehavior: dismiss and notify}
Session ID: ad2b72c2ee6c53867edbb76f933a3dad
*** Element info: {Using=xpath, value=//*[@id='join_cart']}
	at sun.reflect.GeneratedConstructorAccessor31.newInstance(Unknown Source) ~[?:?]
	at sun.reflect.DelegatingConstructorAccessorImpl.newInstance(DelegatingConstructorAccessorImpl.java:45) ~[?:1.8.0_241]
	at java.lang.reflect.Constructor.newInstance(Constructor.java:423) ~[?:1.8.0_241]
	at org.openqa.selenium.remote.http.W3CHttpResponseCodec.createException(W3CHttpResponseCodec.java:187) ~[selenium-remote-driver-3.141.59.jar:?]
	at org.openqa.selenium.remote.http.W3CHttpResponseCodec.decode(W3CHttpResponseCodec.java:122) ~[selenium-remote-driver-3.141.59.jar:?]
	at org.openqa.selenium.remote.http.W3CHttpResponseCodec.decode(W3CHttpResponseCodec.java:49) ~[selenium-remote-driver-3.141.59.jar:?]
	at org.openqa.selenium.remote.HttpCommandExecutor.execute(HttpCommandExecutor.java:158) ~[selenium-remote-driver-3.141.59.jar:?]
	at org.openqa.selenium.remote.service.DriverCommandExecutor.execute(DriverCommandExecutor.java:83) ~[selenium-remote-driver-3.141.59.jar:?]
	at org.openqa.selenium.remote.RemoteWebDriver.execute(RemoteWebDriver.java:552) ~[selenium-remote-driver-3.141.59.jar:?]
	at org.openqa.selenium.remote.RemoteWebDriver.findElement(RemoteWebDriver.java:323) ~[selenium-remote-driver-3.141.59.jar:?]
	at org.openqa.selenium.remote.RemoteWebDriver.findElementByXPath(RemoteWebDriver.java:428) ~[selenium-remote-driver-3.141.59.jar:?]
	at org.openqa.selenium.By$ByXPath.findElement(By.java:353) ~[selenium-api-3.141.59.jar:?]
	at org.openqa.selenium.remote.RemoteWebDriver.findElement(RemoteWebDriver.java:315) ~[selenium-remote-driver-3.141.59.jar:?]
	at com.testing.UI.DataDrivenOfWeb$1.apply(DataDrivenOfWeb.java:181) ~[classes/:?]
	at com.testing.UI.DataDrivenOfWeb$1.apply(DataDrivenOfWeb.java:179) ~[classes/:?]
	at org.openqa.selenium.support.ui.FluentWait.until(FluentWait.java:249) ~[selenium-support-3.141.59.jar:?]
	at com.testing.UI.DataDrivenOfWeb.explicitlyWait(DataDrivenOfWeb.java:179) ~[classes/:?]
	... 38 more
15:42:51.912 [main] ERROR com.testing.UI.AutoLogger - org.openqa.selenium.NoSuchElementException: no such element: Unable to locate element: {"method":"xpath","selector":"//*[@id='join_cart']"}
  (Session info: chrome=79.0.3945.117)
For documentation on this error, please visit: https://www.seleniumhq.org/exceptions/no_such_element.html
Build info: version: '3.141.59', revision: 'e82be7d358', time: '2018-11-14T08:17:03'
System info: host: 'DESKTOP-5I7OKOC', ip: '192.168.59.1', os.name: 'Windows 10', os.arch: 'amd64', os.version: '10.0', java.version: '1.8.0_241'
Driver info: org.openqa.selenium.chrome.ChromeDriver
Capabilities {acceptInsecureCerts: false, browserName: chrome, browserVersion: 79.0.3945.117, chrome: {chromedriverVersion: 79.0.3945.36 (3582db32b3389..., userDataDir: C:\Users\test\AppData\Local...}, goog:chromeOptions: {debuggerAddress: localhost:52694}, javascriptEnabled: true, networkConnectionEnabled: false, pageLoadStrategy: normal, platform: WINDOWS, platformName: WINDOWS, proxy: Proxy(), setWindowRect: true, strictFileInteractability: false, timeouts: {implicit: 0, pageLoad: 300000, script: 30000}, unhandledPromptBehavior: dismiss and notify}
Session ID: ad2b72c2ee6c53867edbb76f933a3dad
*** Element info: {Using=xpath, value=//*[@id='join_cart']}
org.openqa.selenium.NoSuchElementException: no such element: Unable to locate element: {"method":"xpath","selector":"//*[@id='join_cart']"}
  (Session info: chrome=79.0.3945.117)
For documentation on this error, please visit: https://www.seleniumhq.org/exceptions/no_such_element.html
Build info: version: '3.141.59', revision: 'e82be7d358', time: '2018-11-14T08:17:03'
System info: host: 'DESKTOP-5I7OKOC', ip: '192.168.59.1', os.name: 'Windows 10', os.arch: 'amd64', os.version: '10.0', java.version: '1.8.0_241'
Driver info: org.openqa.selenium.chrome.ChromeDriver
Capabilities {acceptInsecureCerts: false, browserName: chrome, browserVersion: 79.0.3945.117, chrome: {chromedriverVersion: 79.0.3945.36 (3582db32b3389..., userDataDir: C:\Users\test\AppData\Local...}, goog:chromeOptions: {debuggerAddress: localhost:52694}, javascriptEnabled: true, networkConnectionEnabled: false, pageLoadStrategy: normal, platform: WINDOWS, platformName: WINDOWS, proxy: Proxy(), setWindowRect: true, strictFileInteractability: false, timeouts: {implicit: 0, pageLoad: 300000, script: 30000}, unhandledPromptBehavior: dismiss and notify}
Session ID: ad2b72c2ee6c53867edbb76f933a3dad
*** Element info: {Using=xpath, value=//*[@id='join_cart']}
	at com.testing.UI.DataDrivenOfWeb.click(DataDrivenOfWeb.java:143) ~[classes/:?]
	at sun.reflect.NativeMethodAccessorImpl.invoke0(Native Method) ~[?:1.8.0_241]
	at sun.reflect.NativeMethodAccessorImpl.invoke(NativeMethodAccessorImpl.java:62) ~[?:1.8.0_241]
	at sun.reflect.DelegatingMethodAccessorImpl.invoke(DelegatingMethodAccessorImpl.java:43) ~[?:1.8.0_241]
	at java.lang.reflect.Method.invoke(Method.java:498) ~[?:1.8.0_241]
	at com.testing.testng.dataDriven.runUIWithInvoke(dataDriven.java:85) ~[test-classes/:?]
	at com.testing.testng.dataDriven.f(dataDriven.java:39) ~[test-classes/:?]
	at sun.reflect.GeneratedMethodAccessor5.invoke(Unknown Source) ~[?:?]
	at sun.reflect.DelegatingMethodAccessorImpl.invoke(DelegatingMethodAccessorImpl.java:43) ~[?:1.8.0_241]
	at java.lang.reflect.Method.invoke(Method.java:498) ~[?:1.8.0_241]
	at org.testng.internal.MethodInvocationHelper.invokeMethod(MethodInvocationHelper.java:134) ~[testng-7.1.0.jar:?]
	at org.testng.internal.TestInvoker.invokeMethod(TestInvoker.java:597) ~[testng-7.1.0.jar:?]
	at org.testng.internal.TestInvoker.invokeTestMethod(TestInvoker.java:173) ~[testng-7.1.0.jar:?]
	at org.testng.internal.MethodRunner.runInSequence(MethodRunner.java:46) ~[testng-7.1.0.jar:?]
	at org.testng.internal.TestInvoker$MethodInvocationAgent.invoke(TestInvoker.java:816) ~[testng-7.1.0.jar:?]
	at org.testng.internal.TestInvoker.invokeTestMethods(TestInvoker.java:146) ~[testng-7.1.0.jar:?]
	at org.testng.internal.TestMethodWorker.invokeTestMethods(TestMethodWorker.java:146) ~[testng-7.1.0.jar:?]
	at org.testng.internal.TestMethodWorker.run(TestMethodWorker.java:128) ~[testng-7.1.0.jar:?]
	at java.util.ArrayList.forEach(ArrayList.java:1257) [?:1.8.0_241]
	at org.testng.TestRunner.privateRun(TestRunner.java:766) [testng-7.1.0.jar:?]
	at org.testng.TestRunner.run(TestRunner.java:587) [testng-7.1.0.jar:?]
	at org.testng.SuiteRunner.runTest(SuiteRunner.java:384) [testng-7.1.0.jar:?]
	at org.testng.SuiteRunner.runSequentially(SuiteRunner.java:378) [testng-7.1.0.jar:?]
	at org.testng.SuiteRunner.privateRun(SuiteRunner.java:337) [testng-7.1.0.jar:?]
	at org.testng.SuiteRunner.run(SuiteRunner.java:286) [testng-7.1.0.jar:?]
	at org.testng.SuiteRunnerWorker.runSuite(SuiteRunnerWorker.java:53) [testng-7.1.0.jar:?]
	at org.testng.SuiteRunnerWorker.run(SuiteRunnerWorker.java:96) [testng-7.1.0.jar:?]
	at org.testng.TestNG.runSuitesSequentially(TestNG.java:1187) [testng-7.1.0.jar:?]
	at org.testng.TestNG.runSuitesLocally(TestNG.java:1109) [testng-7.1.0.jar:?]
	at org.testng.TestNG.runSuites(TestNG.java:1039) [testng-7.1.0.jar:?]
	at org.testng.TestNG.run(TestNG.java:1007) [testng-7.1.0.jar:?]
	at org.apache.maven.surefire.testng.TestNGExecutor.run(TestNGExecutor.java:283) [surefire-testng-2.22.1.jar:2.22.1]
	at org.apache.maven.surefire.testng.TestNGXmlTestSuite.execute(TestNGXmlTestSuite.java:75) [surefire-testng-2.22.1.jar:2.22.1]
	at org.apache.maven.surefire.testng.TestNGProvider.invoke(TestNGProvider.java:120) [surefire-testng-2.22.1.jar:2.22.1]
	at org.apache.maven.surefire.booter.ForkedBooter.invokeProviderInSameClassLoader(ForkedBooter.java:384) [surefire-booter-2.22.1.jar:2.22.1]
	at org.apache.maven.surefire.booter.ForkedBooter.runSuitesInProcess(ForkedBooter.java:345) [surefire-booter-2.22.1.jar:2.22.1]
	at org.apache.maven.surefire.booter.ForkedBooter.execute(ForkedBooter.java:126) [surefire-booter-2.22.1.jar:2.22.1]
	at org.apache.maven.surefire.booter.ForkedBooter.main(ForkedBooter.java:418) [surefire-booter-2.22.1.jar:2.22.1]
fail
]]></system-out>
  </testcase>
  <testcase name="f" classname="com.testing.testng.dataDriven" time="0.007"/>
</testsuite>